2025-03-25 20:33:41,119 - ERROR - Error loading users: [WinError 3] The system cannot find the path specified: ''
2025-03-25 20:33:41,120 - INFO - logging in using static token
2025-03-25 20:33:41,939 - INFO - Shard ID None has connected to Gateway (Session ID: cdd04ad5f4d4a82ddc1c47819b0e5229).
2025-03-25 20:33:59,936 - INFO - Added new user 729158162279563275 with default balance 200
2025-03-25 20:33:59,937 - INFO - Successfully saved 1 users to money.txt
2025-03-25 20:35:52,851 - INFO - Added new user 701932525551091743 with default balance 200
2025-03-25 20:35:52,851 - INFO - Successfully saved 2 users to money.txt
2025-03-25 20:35:52,852 - INFO - User 701932525551091743: Balance changed from 200 to 800 (delta: 600)
2025-03-25 20:35:52,852 - INFO - Successfully saved 2 users to money.txt
2025-03-25 20:35:54,771 - INFO - User 701932525551091743: Balance changed from 800 to 600 (delta: -200)
2025-03-25 20:35:54,771 - INFO - Successfully saved 2 users to money.txt
2025-05-31 17:22:49,399 - ERROR - Error loading users: [WinError 3] The system cannot find the path specified: ''
2025-05-31 17:22:49,401 - INFO - logging in using static token
2025-05-31 17:22:50,167 - INFO - Shard ID None has connected to Gateway (Session ID: 69d17f82fb4d258816bc55328bf4248c).
2025-05-31 17:25:06,625 - ERROR - Error loading users: [WinError 3] The system cannot find the path specified: ''
2025-05-31 17:25:06,627 - INFO - logging in using static token
2025-05-31 17:25:07,327 - INFO - Shard ID None has connected to Gateway (Session ID: f89ecc578be26ae80e16ae15de75e706).
2025-05-31 17:28:55,478 - ERROR - Error loading users: [WinError 3] The system cannot find the path specified: ''
2025-05-31 17:28:55,479 - INFO - logging in using static token
2025-05-31 17:28:56,375 - INFO - Shard ID None has connected to Gateway (Session ID: 459e62d3602549a6af0707f51c68ccff).
